# JRE version: OpenJDK Runtime Environment (11.0.10) (build 11.0.10+0-b96-7249189)
# Java VM: OpenJDK 64-Bit Server VM (11.0.10+0-b96-7249189, mixed mode, tiered, compressed oops, g1 gc, windows-amd64)
Heap:
 garbage-first heap   total 276480K, used 207038K [0x0000000080000000, 0x0000000100000000)
  region size 1024K, 62 young (63488K), 3 survivors (3072K)
 Metaspace       used 143962K, capacity 147276K, committed 147492K, reserved 1177600K
  class space    used 17397K, capacity 18665K, committed 18764K, reserved 1048576K
GC Heap History (20 events):
Event: 2993.333 GC heap before
{Heap before GC invocations=135 (full 0):
 garbage-first heap   total 227328K, used 151403K [0x0000000080000000, 0x0000000100000000)
  region size 1024K, 11 young (11264K), 5 survivors (5120K)
 Metaspace       used 143723K, capacity 146985K, committed 147236K, reserved 1177600K
  class space    used 17376K, capacity 18615K, committed 18764K, reserved 1048576K
}
Event: 2993.355 GC heap after
{Heap after GC invocations=136 (full 0):
 garbage-first heap   total 227328K, used 144216K [0x0000000080000000, 0x0000000100000000)
  region size 1024K, 1 young (1024K), 1 survivors (1024K)
 Metaspace       used 143723K, capacity 146985K, committed 147236K, reserved 1177600K
  class space    used 17376K, capacity 18615K, committed 18764K, reserved 1048576K
}
Event: 2993.757 GC heap before
{Heap before GC invocations=136 (full 0):
 garbage-first heap   total 227328K, used 193368K [0x0000000080000000, 0x0000000100000000)
  region size 1024K, 49 young (50176K), 1 survivors (1024K)
 Metaspace       used 143754K, capacity 146993K, committed 147236K, reserved 1177600K
  class space    used 17377K, capacity 18617K, committed 18764K, reserved 1048576K
}
Event: 2993.789 GC heap after
{Heap after GC invocations=137 (full 0):
 garbage-first heap   total 276480K, used 144910K [0x0000000080000000, 0x0000000100000000)
  region size 1024K, 2 young (2048K), 2 survivors (2048K)
 Metaspace       used 143754K, capacity 146993K, committed 147236K, reserved 1177600K
  class space    used 17377K, capacity 18617K, committed 18764K, reserved 1048576K
}
Event: 2995.233 GC heap before
{Heap before GC invocations=137 (full 0):
 garbage-first heap   total 276480K, used 216590K [0x0000000080000000, 0x0000000100000000)
  region size 1024K, 72 young (73728K), 2 survivors (2048K)
 Metaspace       used 143791K, capacity 147059K, committed 147236K, reserved 1177600K
  class space    used 17377K, capacity 18617K, committed 18764K, reserved 1048576K
}
Event: 2995.238 GC heap after
{Heap after GC invocations=138 (full 0):
 garbage-first heap   total 276480K, used 145165K [0x0000000080000000, 0x0000000100000000)
  region size 1024K, 2 young (2048K), 2 survivors (2048K)
 Metaspace       used 143791K, capacity 147059K, committed 147236K, reserved 1177600K
  class space    used 17377K, capacity 18617K, committed 18764K, reserved 1048576K
}
Event: 2995.573 GC heap before
{Heap before GC invocations=138 (full 0):
 garbage-first heap   total 276480K, used 219917K [0x0000000080000000, 0x0000000100000000)
  region size 1024K, 75 young (76800K), 2 survivors (2048K)
 Metaspace       used 143833K, capacity 147072K, committed 147236K, reserved 1177600K
  class space    used 17381K, capacity 18620K, committed 18764K, reserved 1048576K
}
Event: 2995.579 GC heap after
{Heap after GC invocations=139 (full 0):
 garbage-first heap   total 276480K, used 146559K [0x0000000080000000, 0x0000000100000000)
  region size 1024K, 4 young (4096K), 4 survivors (4096K)
 Metaspace       used 143833K, capacity 147072K, committed 147236K, reserved 1177600K
  class space    used 17381K, capacity 18620K, committed 18764K, reserved 1048576K
}
Event: 2996.213 GC heap before
{Heap before GC invocations=140 (full 0):
 garbage-first heap   total 276480K, used 223359K [0x0000000080000000, 0x0000000100000000)
  region size 1024K, 79 young (80896K), 4 survivors (4096K)
 Metaspace       used 143868K, capacity 147097K, committed 147236K, reserved 1177600K
  class space    used 17385K, capacity 18628K, committed 18764K, reserved 1048576K
}
Event: 2996.223 GC heap after
{Heap after GC invocations=141 (full 0):
 garbage-first heap   total 276480K, used 146115K [0x0000000080000000, 0x0000000100000000)
  region size 1024K, 3 young (3072K), 3 survivors (3072K)
 Metaspace       used 143868K, capacity 147097K, committed 147236K, reserved 1177600K
  class space    used 17385K, capacity 18628K, committed 18764K, reserved 1048576K
}
Event: 2997.777 GC heap before
{Heap before GC invocations=141 (full 0):
 garbage-first heap   total 276480K, used 225987K [0x0000000080000000, 0x0000000100000000)
  region size 1024K, 81 young (82944K), 3 survivors (3072K)
 Metaspace       used 143884K, capacity 147174K, committed 147492K, reserved 1177600K
  class space    used 17388K, capacity 18632K, committed 18764K, reserved 1048576K
}
Event: 2997.943 GC heap after
{Heap after GC invocations=142 (full 0):
 garbage-first heap   total 276480K, used 146480K [0x0000000080000000, 0x0000000100000000)
  region size 1024K, 3 young (3072K), 3 survivors (3072K)
 Metaspace       used 143884K, capacity 147174K, committed 147492K, reserved 1177600K
  class space    used 17388K, capacity 18632K, committed 18764K, reserved 1048576K
}
Event: 3000.466 GC heap before
{Heap before GC invocations=143 (full 0):
 garbage-first heap   total 276480K, used 227376K [0x0000000080000000, 0x0000000100000000)
  region size 1024K, 83 young (84992K), 3 survivors (3072K)
 Metaspace       used 143918K, capacity 147179K, committed 147492K, reserved 1177600K
  class space    used 17391K, capacity 18633K, committed 18764K, reserved 1048576K
}
Event: 3000.475 GC heap after
{Heap after GC invocations=144 (full 0):
 garbage-first heap   total 276480K, used 146480K [0x0000000080000000, 0x0000000100000000)
  region size 1024K, 3 young (3072K), 3 survivors (3072K)
 Metaspace       used 143918K, capacity 147179K, committed 147492K, reserved 1177600K
  class space    used 17391K, capacity 18633K, committed 18764K, reserved 1048576K
}
Event: 3000.571 GC heap before
{Heap before GC invocations=144 (full 0):
 garbage-first heap   total 276480K, used 156720K [0x0000000080000000, 0x0000000100000000)
  region size 1024K, 13 young (13312K), 3 survivors (3072K)
 Metaspace       used 143919K, capacity 147179K, committed 147492K, reserved 1177600K
  class space    used 17391K, capacity 18633K, committed 18764K, reserved 1048576K
}
Event: 3000.593 GC heap after
{Heap after GC invocations=145 (full 0):
 garbage-first heap   total 276480K, used 146180K [0x0000000080000000, 0x0000000100000000)
  region size 1024K, 2 young (2048K), 2 survivors (2048K)
 Metaspace       used 143919K, capacity 147179K, committed 147492K, reserved 1177600K
  class space    used 17391K, capacity 18633K, committed 18764K, reserved 1048576K
}
Event: 3003.015 GC heap before
{Heap before GC invocations=145 (full 0):
 garbage-first heap   total 276480K, used 229124K [0x0000000080000000, 0x0000000100000000)
  region size 1024K, 83 young (84992K), 2 survivors (2048K)
 Metaspace       used 143942K, capacity 147211K, committed 147492K, reserved 1177600K
  class space    used 17397K, capacity 18665K, committed 18764K, reserved 1048576K
}
Event: 3003.020 GC heap after
{Heap after GC invocations=146 (full 0):
 garbage-first heap   total 276480K, used 146912K [0x0000000080000000, 0x0000000100000000)
  region size 1024K, 2 young (2048K), 2 survivors (2048K)
 Metaspace       used 143942K, capacity 147211K, committed 147492K, reserved 1177600K
  class space    used 17397K, capacity 18665K, committed 18764K, reserved 1048576K
}
Event: 3005.004 GC heap before
{Heap before GC invocations=146 (full 0):
 garbage-first heap   total 276480K, used 231904K [0x0000000080000000, 0x0000000100000000)
  region size 1024K, 85 young (87040K), 2 survivors (2048K)
 Metaspace       used 143958K, capacity 147212K, committed 147492K, reserved 1177600K
  class space    used 17397K, capacity 18665K, committed 18764K, reserved 1048576K
}
Event: 3005.016 GC heap after
{Heap after GC invocations=147 (full 0):
 garbage-first heap   total 276480K, used 147646K [0x0000000080000000, 0x0000000100000000)
  region size 1024K, 3 young (3072K), 3 survivors (3072K)
 Metaspace       used 143958K, capacity 147212K, committed 147492K, reserved 1177600K
  class space    used 17397K, capacity 18665K, committed 18764K, reserved 1048576K
}

